#
# There is insufficient memory for the Java Runtime Environment to continue.
# Native memory allocation (malloc) failed to allocate 32744 bytes. Error detail: ChunkPool::allocate
# Possible reasons:
#   The system is out of physical RAM or swap space
#   This process is running with CompressedOops enabled, and the Java Heap may be blocking the growth of the native heap
# Possible solutions:
#   Reduce memory load on the system
#   Increase physical memory or swap space
#   Check if swap backing store is full
#   Decrease Java heap size (-Xmx/-Xms)
#   Decrease number of Java threads
#   Decrease Java thread stack sizes (-Xss)
#   Set larger code cache with -XX:ReservedCodeCacheSize=
#   JVM is running with Unscaled Compressed Oops mode in which the Java heap is
#     placed in the first 4GB address space. The Java Heap base address is the
#     maximum limit for the native heap growth. Please use -XX:HeapBaseMinAddress
#     to set the Java Heap base and to place the Java Heap above 4GB virtual address.
# This output file may be truncated or incomplete.
#
#  Out of Memory Error (arena.cpp:79), pid=39820, tid=36464
#
# JRE version: OpenJDK Runtime Environment Temurin-17.0.13+11 (17.0.13+11) (build 17.0.13+11)
# Java VM: OpenJDK 64-Bit Server VM Temurin-17.0.13+11 (17.0.13+11, mixed mode, tiered, compressed oops, compressed class ptrs, parallel gc, windows-amd64)
# No core dump will be written. Minidumps are not enabled by default on client versions of Windows
#

---------------  S U M M A R Y ------------

Command Line: --add-modules=ALL-SYSTEM --add-opens=java.base/java.util=ALL-UNNAMED --add-opens=java.base/java.lang=ALL-UNNAMED --add-opens=java.base/sun.nio.fs=ALL-UNNAMED -Declipse.application=org.eclipse.jdt.ls.core.id1 -Dosgi.bundles.defaultStartLevel=4 -Declipse.product=org.eclipse.jdt.ls.core.product -Djava.import.generatesMetadataFilesAtProjectRoot=false -DDetectVMInstallationsJob.disabled=true -Dfile.encoding=utf8 -XX:+UseParallelGC -XX:GCTimeRatio=4 -XX:AdaptiveSizePolicyWeight=90 -Dsun.zip.disableMemoryMapping=true -Xmx1G -Xms100m -Xlog:disable -javaagent:c:\Users\MINH TUAN\.vscode\extensions\redhat.java-1.38.0-win32-x64\lombok\lombok-1.18.34.jar c:\Users\MINH TUAN\.vscode\extensions\redhat.java-1.38.0-win32-x64\server\plugins\org.eclipse.equinox.launcher_1.6.900.v20240613-2009.jar -configuration c:\Users\MINH TUAN\AppData\Roaming\Code\User\globalStorage\redhat.java\1.38.0\config_ss_win -data c:\Users\MINH TUAN\AppData\Roaming\Code\User\workspaceStorage\3c8f4d5ebbf0d59e9847c33f37007360\redhat.java\ss_ws --pipe=\\.\pipe\lsp-35efd115a39710e76c147d7ef239d76e-sock

Host: 11th Gen Intel(R) Core(TM) i5-11400H @ 2.70GHz, 12 cores, 7G,  Windows 11 , 64 bit Build 22621 (10.0.22621.4391)
Time: Fri Jan  3 20:59:35 2025 SE Asia Standard Time elapsed time: 2.543138 seconds (0d 0h 0m 2s)

---------------  T H R E A D  ---------------

Current thread (0x0000021630a43990):  JavaThread "C1 CompilerThread0" daemon [_thread_in_native, id=36464, stack(0x0000002ffc000000,0x0000002ffc100000)]


Current CompileTask:
C1:   2543 2320 %     3       org.lombokweb.asm.SymbolTable::<init> @ 98 (536 bytes)

Stack: [0x0000002ffc000000,0x0000002ffc100000]
Native frames: (J=compiled Java code, j=interpreted, Vv=VM code, C=native code)
V  [jvm.dll+0x682a19]
V  [jvm.dll+0x839538]
V  [jvm.dll+0x83afe3]
V  [jvm.dll+0x83b653]
V  [jvm.dll+0x24704f]
V  [jvm.dll+0xad03c]
V  [jvm.dll+0xad4cc]
V  [jvm.dll+0x11c7d5]
V  [jvm.dll+0x17928d]
V  [jvm.dll+0x179e63]
V  [jvm.dll+0x135503]
V  [jvm.dll+0x134dcf]
V  [jvm.dll+0x135018]
V  [jvm.dll+0x1344a1]
V  [jvm.dll+0x13618d]
V  [jvm.dll+0x22788c]
V  [jvm.dll+0x2259eb]
V  [jvm.dll+0x7eec98]
V  [jvm.dll+0x7e8ffc]
V  [jvm.dll+0x6818f7]
C  [ucrtbase.dll+0x29333]
C  [KERNEL32.DLL+0x1259d]
C  [ntdll.dll+0x5af38]


---------------  P R O C E S S  ---------------

Threads class SMR info:
_java_thread_list=0x0000021632da4ba0, length=20, elements={
0x0000021615b5f720, 0x000002162b943020, 0x000002162b9452a0, 0x0000021630a39f20,
0x0000021630a3a7f0, 0x0000021630a3ba60, 0x0000021630a40c90, 0x0000021630a42fd0,
0x0000021630a43990, 0x0000021630a490a0, 0x0000021630b33090, 0x00000216321f0e20,
0x0000021632be83e0, 0x0000021632c94670, 0x0000021632c94e20, 0x0000021632c47800,
0x0000021632c91e00, 0x0000021632d87320, 0x0000021632d86e10, 0x0000021632d84080
}

Java Threads: ( => current thread )
  0x0000021615b5f720 JavaThread "main" [_thread_blocked, id=34984, stack(0x0000002ffb600000,0x0000002ffb700000)]
  0x000002162b943020 JavaThread "Reference Handler" daemon [_thread_blocked, id=2916, stack(0x0000002ffb900000,0x0000002ffba00000)]
  0x000002162b9452a0 JavaThread "Finalizer" daemon [_thread_blocked, id=24088, stack(0x0000002ffba00000,0x0000002ffbb00000)]
  0x0000021630a39f20 JavaThread "Signal Dispatcher" daemon [_thread_blocked, id=25300, stack(0x0000002ffbb00000,0x0000002ffbc00000)]
  0x0000021630a3a7f0 JavaThread "Attach Listener" daemon [_thread_blocked, id=22164, stack(0x0000002ffbc00000,0x0000002ffbd00000)]
  0x0000021630a3ba60 JavaThread "Service Thread" daemon [_thread_blocked, id=21056, stack(0x0000002ffbd00000,0x0000002ffbe00000)]
  0x0000021630a40c90 JavaThread "Monitor Deflation Thread" daemon [_thread_blocked, id=27664, stack(0x0000002ffbe00000,0x0000002ffbf00000)]
  0x0000021630a42fd0 JavaThread "C2 CompilerThread0" daemon [_thread_in_native, id=25896, stack(0x0000002ffbf00000,0x0000002ffc000000)]
=>0x0000021630a43990 JavaThread "C1 CompilerThread0" daemon [_thread_in_native, id=36464, stack(0x0000002ffc000000,0x0000002ffc100000)]
  0x0000021630a490a0 JavaThread "Sweeper thread" daemon [_thread_blocked, id=15064, stack(0x0000002ffc100000,0x0000002ffc200000)]
  0x0000021630b33090 JavaThread "Common-Cleaner" daemon [_thread_blocked, id=24072, stack(0x0000002ffc200000,0x0000002ffc300000)]
  0x00000216321f0e20 JavaThread "Notification Thread" daemon [_thread_blocked, id=36748, stack(0x0000002ffc300000,0x0000002ffc400000)]
  0x0000021632be83e0 JavaThread "Active Thread: Equinox Container: 016e602a-1007-4003-828b-dfcc11aee1b0" [_thread_blocked, id=35672, stack(0x0000002ffca00000,0x0000002ffcb00000)]
  0x0000021632c94670 JavaThread "Framework Event Dispatcher: Equinox Container: 016e602a-1007-4003-828b-dfcc11aee1b0" daemon [_thread_blocked, id=30004, stack(0x0000002ffcb00000,0x0000002ffcc00000)]
  0x0000021632c94e20 JavaThread "Start Level: Equinox Container: 016e602a-1007-4003-828b-dfcc11aee1b0" daemon [_thread_in_vm, id=27428, stack(0x0000002ffcc00000,0x0000002ffcd00000)]
  0x0000021632c47800 JavaThread "SCR Component Actor" daemon [_thread_blocked, id=38552, stack(0x0000002ffcd00000,0x0000002ffce00000)]
  0x0000021632c91e00 JavaThread "SCR Component Registry" daemon [_thread_blocked, id=32124, stack(0x0000002ffd000000,0x0000002ffd100000)]
  0x0000021632d87320 JavaThread "Worker-JM" [_thread_blocked, id=18720, stack(0x0000002ffd100000,0x0000002ffd200000)]
  0x0000021632d86e10 JavaThread "Worker-0" [_thread_blocked, id=16436, stack(0x0000002ffd400000,0x0000002ffd500000)]
  0x0000021632d84080 JavaThread "Worker-1" [_thread_blocked, id=26816, stack(0x0000002ffd500000,0x0000002ffd600000)]

Other Threads:
  0x0000021615c0ed00 VMThread "VM Thread" [stack: 0x0000002ffb800000,0x0000002ffb900000] [id=24168]
  0x0000021632205530 WatcherThread [stack: 0x0000002ffc400000,0x0000002ffc500000] [id=34564]
  0x0000021615b74580 GCTaskThread "GC Thread#0" [stack: 0x0000002ffb700000,0x0000002ffb800000] [id=38500]
  0x0000021632bc9fa0 GCTaskThread "GC Thread#1" [stack: 0x0000002ffc500000,0x0000002ffc600000] [id=25732]
  0x00000216326d4360 GCTaskThread "GC Thread#2" [stack: 0x0000002ffc600000,0x0000002ffc700000] [id=37736]
  0x00000216326d4620 GCTaskThread "GC Thread#3" [stack: 0x0000002ffc700000,0x0000002ffc800000] [id=22784]
  0x00000216326d48e0 GCTaskThread "GC Thread#4" [stack: 0x0000002ffc800000,0x0000002ffc900000] [id=37060]
  0x0000021632909010 GCTaskThread "GC Thread#5" [stack: 0x0000002ffc900000,0x0000002ffca00000] [id=37416]
  0x000002163260b4d0 GCTaskThread "GC Thread#6" [stack: 0x0000002ffce00000,0x0000002ffcf00000] [id=39064]
  0x0000021632c60220 GCTaskThread "GC Thread#7" [stack: 0x0000002ffcf00000,0x0000002ffd000000] [id=39080]
  0x00000216329086c0 GCTaskThread "GC Thread#8" [stack: 0x0000002ffd200000,0x0000002ffd300000] [id=36572]
  0x0000021632908980 GCTaskThread "GC Thread#9" [stack: 0x0000002ffd300000,0x0000002ffd400000] [id=36332]

Threads with active compile tasks:
C2 CompilerThread0     2581 2309       4       org.lombokweb.asm.ClassReader::readMethod (1066 bytes)
C1 CompilerThread0     2581 2320 %     3       org.lombokweb.asm.SymbolTable::<init> @ 98 (536 bytes)

VM state: not at safepoint (normal execution)

VM Mutex/Monitor currently owned by a thread: None

Heap address: 0x00000000c0000000, size: 1024 MB, Compressed Oops mode: 32-bit

CDS archive(s) not mapped
Compressed class space mapped at: 0x0000000100000000-0x0000000140000000, reserved size: 1073741824
Narrow klass base: 0x0000000000000000, Narrow klass shift: 3, Narrow klass range: 0x140000000

GC Precious Log:
 CPUs: 12 total, 12 available
 Memory: 7971M
 Large Page Support: Disabled
 NUMA Support: Disabled
 Compressed Oops: Enabled (32-bit)
 Alignments: Space 512K, Generation 512K, Heap 2M
 Heap Min Capacity: 100M
 Heap Initial Capacity: 100M
 Heap Max Capacity: 1G
 Pre-touch: Disabled
 Parallel Workers: 10

Heap:
 PSYoungGen      total 26112K, used 11003K [0x00000000eab00000, 0x00000000ec880000, 0x0000000100000000)
  eden space 25088K, 40% used [0x00000000eab00000,0x00000000eb4df6e0,0x00000000ec380000)
  from space 1024K, 87% used [0x00000000ec400000,0x00000000ec4df848,0x00000000ec500000)
  to   space 2560K, 0% used [0x00000000ec600000,0x00000000ec600000,0x00000000ec880000)
 ParOldGen       total 68608K, used 6898K [0x00000000c0000000, 0x00000000c4300000, 0x00000000eab00000)
  object space 68608K, 10% used [0x00000000c0000000,0x00000000c06bc940,0x00000000c4300000)
 Metaspace       used 25927K, committed 26368K, reserved 1114112K
  class space    used 2544K, committed 2752K, reserved 1048576K

Card table byte_map: [0x00000216291c0000,0x00000216293d0000] _byte_map_base: 0x0000021628bc0000

Marking Bits: (ParMarkBitMap*) 0x00007ff8282b6940
 Begin Bits: [0x0000021629530000, 0x000002162a530000)
 End Bits:   [0x000002162a530000, 0x000002162b530000)

Polling page: 0x0000021615c10000

Metaspace:

Usage:
  Non-class:     22.84 MB used.
      Class:      2.48 MB used.
       Both:     25.32 MB used.

Virtual space:
  Non-class space:       64.00 MB reserved,      23.06 MB ( 36%) committed,  1 nodes.
      Class space:        1.00 GB reserved,       2.69 MB ( <1%) committed,  1 nodes.
             Both:        1.06 GB reserved,      25.75 MB (  2%) committed. 

Chunk freelists:
   Non-Class:  8.39 MB
       Class:  13.17 MB
        Both:  21.56 MB

MaxMetaspaceSize: unlimited
CompressedClassSpaceSize: 1.00 GB
Initial GC threshold: 21.00 MB
Current GC threshold: 35.00 MB
CDS: off
MetaspaceReclaimPolicy: balanced
 - commit_granule_bytes: 65536.
 - commit_granule_words: 8192.
 - virtual_space_node_default_size: 8388608.
 - enlarge_chunks_in_place: 1.
 - new_chunks_are_fully_committed: 0.
 - uncommit_free_chunks: 1.
 - use_allocation_guard: 0.
 - handle_deallocations: 1.


Internal statistics:

num_allocs_failed_limit: 3.
num_arena_births: 270.
num_arena_deaths: 14.
num_vsnodes_births: 2.
num_vsnodes_deaths: 0.
num_space_committed: 412.
num_space_uncommitted: 0.
num_chunks_returned_to_freelist: 17.
num_chunks_taken_from_freelist: 935.
num_chunk_merges: 6.
num_chunk_splits: 609.
num_chunks_enlarged: 432.
num_inconsistent_stats: 0.

CodeHeap 'non-profiled nmethods': size=120000Kb used=923Kb max_used=923Kb free=119076Kb
 bounds [0x0000021621ab0000, 0x0000021621d20000, 0x0000021628fe0000]
CodeHeap 'profiled nmethods': size=120000Kb used=4458Kb max_used=4458Kb free=115541Kb
 bounds [0x0000021619fe0000, 0x000002161a440000, 0x0000021621510000]
CodeHeap 'non-nmethods': size=5760Kb used=1234Kb max_used=1245Kb free=4525Kb
 bounds [0x0000021621510000, 0x0000021621780000, 0x0000021621ab0000]
 total_blobs=2846 nmethods=2317 adapters=443
 compilation: enabled
              stopped_count=0, restarted_count=0
 full_count=0

Compilation events (20 events):
Event: 2.488 Thread 0x0000021630a42fd0 2309       4       org.lombokweb.asm.ClassReader::readMethod (1066 bytes)
Event: 2.488 Thread 0x0000021630a43990 2310 %     3       org.lombokweb.asm.ClassReader::<init> @ 110 (371 bytes)
Event: 2.489 Thread 0x0000021630a43990 nmethod 2310% 0x000002161a436590 code [0x000002161a436880, 0x000002161a437b58]
Event: 2.489 Thread 0x0000021630a43990 2313       3       java.util.regex.Pattern$BmpCharPropertyGreedy::match (89 bytes)
Event: 2.489 Thread 0x0000021630a43990 nmethod 2313 0x000002161a438110 code [0x000002161a438300, 0x000002161a438928]
Event: 2.489 Thread 0x0000021630a43990 2311       3       org.lombokweb.asm.ClassReader::readByte (11 bytes)
Event: 2.489 Thread 0x0000021630a43990 nmethod 2311 0x000002161a438b10 code [0x000002161a438ca0, 0x000002161a438dd8]
Event: 2.500 Thread 0x0000021630a43990 2314       1       org.eclipse.osgi.storage.BundleInfo::getStorage (5 bytes)
Event: 2.500 Thread 0x0000021630a43990 nmethod 2314 0x0000021621b96b90 code [0x0000021621b96d20, 0x0000021621b96df8]
Event: 2.502 Thread 0x0000021630a43990 2315       3       java.util.Arrays::fill (21 bytes)
Event: 2.503 Thread 0x0000021630a43990 nmethod 2315 0x000002161a438e90 code [0x000002161a439020, 0x000002161a4391b8]
Event: 2.510 Thread 0x0000021630a43990 2316       3       java.util.ArrayDeque::toArray (7 bytes)
Event: 2.510 Thread 0x0000021630a43990 nmethod 2316 0x000002161a439290 code [0x000002161a439440, 0x000002161a439588]
Event: 2.510 Thread 0x0000021630a43990 2319       3       java.util.ArrayDeque::circularClear (43 bytes)
Event: 2.511 Thread 0x0000021630a43990 nmethod 2319 0x000002161a439610 code [0x000002161a4397e0, 0x000002161a439bd8]
Event: 2.511 Thread 0x0000021630a43990 2317       3       java.util.ArrayDeque::toArray (99 bytes)
Event: 2.511 Thread 0x0000021630a43990 nmethod 2317 0x000002161a439d90 code [0x000002161a439f80, 0x000002161a43a538]
Event: 2.511 Thread 0x0000021630a43990 2318       3       java.util.ArrayDeque::clear (26 bytes)
Event: 2.511 Thread 0x0000021630a43990 nmethod 2318 0x000002161a43a710 code [0x000002161a43a8a0, 0x000002161a43aa08]
Event: 2.533 Thread 0x0000021630a43990 2320 %     3       org.lombokweb.asm.SymbolTable::<init> @ 98 (536 bytes)

GC Heap History (12 events):
Event: 0.597 GC heap before
{Heap before GC invocations=1 (full 0):
 PSYoungGen      total 29696K, used 25600K [0x00000000eab00000, 0x00000000ecc00000, 0x0000000100000000)
  eden space 25600K, 100% used [0x00000000eab00000,0x00000000ec400000,0x00000000ec400000)
  from space 4096K, 0% used [0x00000000ec800000,0x00000000ec800000,0x00000000ecc00000)
  to   space 4096K, 0% used [0x00000000ec400000,0x00000000ec400000,0x00000000ec800000)
 ParOldGen       total 68608K, used 0K [0x00000000c0000000, 0x00000000c4300000, 0x00000000eab00000)
  object space 68608K, 0% used [0x00000000c0000000,0x00000000c0000000,0x00000000c4300000)
 Metaspace       used 10956K, committed 11136K, reserved 1114112K
  class space    used 1086K, committed 1152K, reserved 1048576K
}
Event: 0.602 GC heap after
{Heap after GC invocations=1 (full 0):
 PSYoungGen      total 29696K, used 3141K [0x00000000eab00000, 0x00000000ecc00000, 0x0000000100000000)
  eden space 25600K, 0% used [0x00000000eab00000,0x00000000eab00000,0x00000000ec400000)
  from space 4096K, 76% used [0x00000000ec400000,0x00000000ec711508,0x00000000ec800000)
  to   space 4096K, 0% used [0x00000000ec800000,0x00000000ec800000,0x00000000ecc00000)
 ParOldGen       total 68608K, used 16K [0x00000000c0000000, 0x00000000c4300000, 0x00000000eab00000)
  object space 68608K, 0% used [0x00000000c0000000,0x00000000c0004000,0x00000000c4300000)
 Metaspace       used 10956K, committed 11136K, reserved 1114112K
  class space    used 1086K, committed 1152K, reserved 1048576K
}
Event: 1.366 GC heap before
{Heap before GC invocations=2 (full 0):
 PSYoungGen      total 29696K, used 28741K [0x00000000eab00000, 0x00000000ecc00000, 0x0000000100000000)
  eden space 25600K, 100% used [0x00000000eab00000,0x00000000ec400000,0x00000000ec400000)
  from space 4096K, 76% used [0x00000000ec400000,0x00000000ec711508,0x00000000ec800000)
  to   space 4096K, 0% used [0x00000000ec800000,0x00000000ec800000,0x00000000ecc00000)
 ParOldGen       total 68608K, used 16K [0x00000000c0000000, 0x00000000c4300000, 0x00000000eab00000)
  object space 68608K, 0% used [0x00000000c0000000,0x00000000c0004000,0x00000000c4300000)
 Metaspace       used 14614K, committed 14784K, reserved 1114112K
  class space    used 1476K, committed 1536K, reserved 1048576K
}
Event: 1.370 GC heap after
{Heap after GC invocations=2 (full 0):
 PSYoungGen      total 29696K, used 4068K [0x00000000eab00000, 0x00000000ecc00000, 0x0000000100000000)
  eden space 25600K, 0% used [0x00000000eab00000,0x00000000eab00000,0x00000000ec400000)
  from space 4096K, 99% used [0x00000000ec800000,0x00000000ecbf9160,0x00000000ecc00000)
  to   space 4096K, 0% used [0x00000000ec400000,0x00000000ec400000,0x00000000ec800000)
 ParOldGen       total 68608K, used 814K [0x00000000c0000000, 0x00000000c4300000, 0x00000000eab00000)
  object space 68608K, 1% used [0x00000000c0000000,0x00000000c00cb820,0x00000000c4300000)
 Metaspace       used 14614K, committed 14784K, reserved 1114112K
  class space    used 1476K, committed 1536K, reserved 1048576K
}
Event: 1.970 GC heap before
{Heap before GC invocations=3 (full 0):
 PSYoungGen      total 29696K, used 29668K [0x00000000eab00000, 0x00000000ecc00000, 0x0000000100000000)
  eden space 25600K, 100% used [0x00000000eab00000,0x00000000ec400000,0x00000000ec400000)
  from space 4096K, 99% used [0x00000000ec800000,0x00000000ecbf9160,0x00000000ecc00000)
  to   space 4096K, 0% used [0x00000000ec400000,0x00000000ec400000,0x00000000ec800000)
 ParOldGen       total 68608K, used 814K [0x00000000c0000000, 0x00000000c4300000, 0x00000000eab00000)
  object space 68608K, 1% used [0x00000000c0000000,0x00000000c00cb820,0x00000000c4300000)
 Metaspace       used 19717K, committed 20096K, reserved 1114112K
  class space    used 2021K, committed 2176K, reserved 1048576K
}
Event: 1.975 GC heap after
{Heap after GC invocations=3 (full 0):
 PSYoungGen      total 29696K, used 4070K [0x00000000eab00000, 0x00000000ecc00000, 0x0000000100000000)
  eden space 25600K, 0% used [0x00000000eab00000,0x00000000eab00000,0x00000000ec400000)
  from space 4096K, 99% used [0x00000000ec400000,0x00000000ec7f98c8,0x00000000ec800000)
  to   space 4096K, 0% used [0x00000000ec800000,0x00000000ec800000,0x00000000ecc00000)
 ParOldGen       total 68608K, used 2610K [0x00000000c0000000, 0x00000000c4300000, 0x00000000eab00000)
  object space 68608K, 3% used [0x00000000c0000000,0x00000000c028c968,0x00000000c4300000)
 Metaspace       used 19717K, committed 20096K, reserved 1114112K
  class space    used 2021K, committed 2176K, reserved 1048576K
}
Event: 2.080 GC heap before
{Heap before GC invocations=4 (full 0):
 PSYoungGen      total 29696K, used 10751K [0x00000000eab00000, 0x00000000ecc00000, 0x0000000100000000)
  eden space 25600K, 26% used [0x00000000eab00000,0x00000000eb186510,0x00000000ec400000)
  from space 4096K, 99% used [0x00000000ec400000,0x00000000ec7f98c8,0x00000000ec800000)
  to   space 4096K, 0% used [0x00000000ec800000,0x00000000ec800000,0x00000000ecc00000)
 ParOldGen       total 68608K, used 2610K [0x00000000c0000000, 0x00000000c4300000, 0x00000000eab00000)
  object space 68608K, 3% used [0x00000000c0000000,0x00000000c028c968,0x00000000c4300000)
 Metaspace       used 21038K, committed 21504K, reserved 1114112K
  class space    used 2156K, committed 2368K, reserved 1048576K
}
Event: 2.083 GC heap after
{Heap after GC invocations=4 (full 0):
 PSYoungGen      total 29696K, used 4083K [0x00000000eab00000, 0x00000000ecc00000, 0x0000000100000000)
  eden space 25600K, 0% used [0x00000000eab00000,0x00000000eab00000,0x00000000ec400000)
  from space 4096K, 99% used [0x00000000ec800000,0x00000000ecbfcc50,0x00000000ecc00000)
  to   space 4096K, 0% used [0x00000000ec400000,0x00000000ec400000,0x00000000ec800000)
 ParOldGen       total 68608K, used 2957K [0x00000000c0000000, 0x00000000c4300000, 0x00000000eab00000)
  object space 68608K, 4% used [0x00000000c0000000,0x00000000c02e34f0,0x00000000c4300000)
 Metaspace       used 21038K, committed 21504K, reserved 1114112K
  class space    used 2156K, committed 2368K, reserved 1048576K
}
Event: 2.083 GC heap before
{Heap before GC invocations=5 (full 1):
 PSYoungGen      total 29696K, used 4083K [0x00000000eab00000, 0x00000000ecc00000, 0x0000000100000000)
  eden space 25600K, 0% used [0x00000000eab00000,0x00000000eab00000,0x00000000ec400000)
  from space 4096K, 99% used [0x00000000ec800000,0x00000000ecbfcc50,0x00000000ecc00000)
  to   space 4096K, 0% used [0x00000000ec400000,0x00000000ec400000,0x00000000ec800000)
 ParOldGen       total 68608K, used 2957K [0x00000000c0000000, 0x00000000c4300000, 0x00000000eab00000)
  object space 68608K, 4% used [0x00000000c0000000,0x00000000c02e34f0,0x00000000c4300000)
 Metaspace       used 21038K, committed 21504K, reserved 1114112K
  class space    used 2156K, committed 2368K, reserved 1048576K
}
Event: 2.098 GC heap after
{Heap after GC invocations=5 (full 1):
 PSYoungGen      total 29696K, used 0K [0x00000000eab00000, 0x00000000ecc00000, 0x0000000100000000)
  eden space 25600K, 0% used [0x00000000eab00000,0x00000000eab00000,0x00000000ec400000)
  from space 4096K, 0% used [0x00000000ec800000,0x00000000ec800000,0x00000000ecc00000)
  to   space 4096K, 0% used [0x00000000ec400000,0x00000000ec400000,0x00000000ec800000)
 ParOldGen       total 68608K, used 6890K [0x00000000c0000000, 0x00000000c4300000, 0x00000000eab00000)
  object space 68608K, 10% used [0x00000000c0000000,0x00000000c06ba940,0x00000000c4300000)
 Metaspace       used 21025K, committed 21504K, reserved 1114112K
  class space    used 2152K, committed 2368K, reserved 1048576K
}
Event: 2.397 GC heap before
{Heap before GC invocations=6 (full 1):
 PSYoungGen      total 29696K, used 25600K [0x00000000eab00000, 0x00000000ecc00000, 0x0000000100000000)
  eden space 25600K, 100% used [0x00000000eab00000,0x00000000ec400000,0x00000000ec400000)
  from space 4096K, 0% used [0x00000000ec800000,0x00000000ec800000,0x00000000ecc00000)
  to   space 4096K, 0% used [0x00000000ec400000,0x00000000ec400000,0x00000000ec800000)
 ParOldGen       total 68608K, used 6890K [0x00000000c0000000, 0x00000000c4300000, 0x00000000eab00000)
  object space 68608K, 10% used [0x00000000c0000000,0x00000000c06ba940,0x00000000c4300000)
 Metaspace       used 24127K, committed 24512K, reserved 1114112K
  class space    used 2389K, committed 2560K, reserved 1048576K
}
Event: 2.398 GC heap after
{Heap after GC invocations=6 (full 1):
 PSYoungGen      total 26112K, used 894K [0x00000000eab00000, 0x00000000ec880000, 0x0000000100000000)
  eden space 25088K, 0% used [0x00000000eab00000,0x00000000eab00000,0x00000000ec380000)
  from space 1024K, 87% used [0x00000000ec400000,0x00000000ec4df848,0x00000000ec500000)
  to   space 2560K, 0% used [0x00000000ec600000,0x00000000ec600000,0x00000000ec880000)
 ParOldGen       total 68608K, used 6898K [0x00000000c0000000, 0x00000000c4300000, 0x00000000eab00000)
  object space 68608K, 10% used [0x00000000c0000000,0x00000000c06bc940,0x00000000c4300000)
 Metaspace       used 24127K, committed 24512K, reserved 1114112K
  class space    used 2389K, committed 2560K, reserved 1048576K
}

Dll operation events (11 events):
Event: 0.023 Loaded shared library c:\Users\MINH TUAN\.vscode\extensions\redhat.java-1.38.0-win32-x64\jre\17.0.13-win32-x86_64\bin\java.dll
Event: 0.121 Loaded shared library c:\Users\MINH TUAN\.vscode\extensions\redhat.java-1.38.0-win32-x64\jre\17.0.13-win32-x86_64\bin\zip.dll
Event: 0.125 Loaded shared library C:\Users\MINH TUAN\.vscode\extensions\redhat.java-1.38.0-win32-x64\jre\17.0.13-win32-x86_64\bin\instrument.dll
Event: 0.136 Loaded shared library C:\Users\MINH TUAN\.vscode\extensions\redhat.java-1.38.0-win32-x64\jre\17.0.13-win32-x86_64\bin\net.dll
Event: 0.137 Loaded shared library C:\Users\MINH TUAN\.vscode\extensions\redhat.java-1.38.0-win32-x64\jre\17.0.13-win32-x86_64\bin\nio.dll
Event: 0.143 Loaded shared library C:\Users\MINH TUAN\.vscode\extensions\redhat.java-1.38.0-win32-x64\jre\17.0.13-win32-x86_64\bin\zip.dll
Event: 0.157 Loaded shared library C:\Users\MINH TUAN\.vscode\extensions\redhat.java-1.38.0-win32-x64\jre\17.0.13-win32-x86_64\bin\jimage.dll
Event: 0.202 Loaded shared library c:\Users\MINH TUAN\.vscode\extensions\redhat.java-1.38.0-win32-x64\jre\17.0.13-win32-x86_64\bin\verify.dll
Event: 1.278 Loaded shared library C:\Users\MINH TUAN\AppData\Roaming\Code\User\globalStorage\redhat.java\1.38.0\config_ss_win\org.eclipse.equinox.launcher\org.eclipse.equinox.launcher.win32.win32.x86_64_1.2.1100.v20240722-2106\eclipse_11904.dll
Event: 1.949 Loaded shared library C:\Users\MINH TUAN\.vscode\extensions\redhat.java-1.38.0-win32-x64\jre\17.0.13-win32-x86_64\bin\management.dll
Event: 1.962 Loaded shared library C:\Users\MINH TUAN\.vscode\extensions\redhat.java-1.38.0-win32-x64\jre\17.0.13-win32-x86_64\bin\management_ext.dll

Deoptimization events (20 events):
Event: 1.800 Thread 0x0000021632c94e20 Uncommon trap: trap_request=0xffffffc6 fr.pc=0x0000021621b5eb3c relative=0x0000000000000d7c
Event: 1.800 Thread 0x0000021632c94e20 Uncommon trap: reason=bimorphic_or_optimized_type_check action=maybe_recompile pc=0x0000021621b5eb3c method=java.io.DataInputStream.readInt()I @ 6 c2
Event: 1.800 Thread 0x0000021632c94e20 DEOPT PACKING pc=0x0000021621b5eb3c sp=0x0000002ffccf8640
Event: 1.800 Thread 0x0000021632c94e20 DEOPT UNPACKING pc=0x0000021621569ea3 sp=0x0000002ffccf85f8 mode 2
Event: 1.800 Thread 0x0000021632c94e20 Uncommon trap: trap_request=0xffffffc6 fr.pc=0x0000021621b5eb3c relative=0x0000000000000d7c
Event: 1.800 Thread 0x0000021632c94e20 Uncommon trap: reason=bimorphic_or_optimized_type_check action=maybe_recompile pc=0x0000021621b5eb3c method=java.io.DataInputStream.readInt()I @ 6 c2
Event: 1.800 Thread 0x0000021632c94e20 DEOPT PACKING pc=0x0000021621b5eb3c sp=0x0000002ffccf85d0
Event: 1.800 Thread 0x0000021632c94e20 DEOPT UNPACKING pc=0x0000021621569ea3 sp=0x0000002ffccf8588 mode 2
Event: 2.100 Thread 0x0000021632c94e20 Uncommon trap: trap_request=0xffffff45 fr.pc=0x0000021621ae07c8 relative=0x0000000000000048
Event: 2.100 Thread 0x0000021632c94e20 Uncommon trap: reason=unstable_if action=reinterpret pc=0x0000021621ae07c8 method=java.lang.CharacterData.of(I)Ljava/lang/CharacterData; @ 4 c2
Event: 2.100 Thread 0x0000021632c94e20 DEOPT PACKING pc=0x0000021621ae07c8 sp=0x0000002ffccf8850
Event: 2.100 Thread 0x0000021632c94e20 DEOPT UNPACKING pc=0x0000021621569ea3 sp=0x0000002ffccf87e8 mode 2
Event: 2.265 Thread 0x0000021632c94e20 Uncommon trap: trap_request=0xffffff45 fr.pc=0x0000021621b8b948 relative=0x0000000000000788
Event: 2.265 Thread 0x0000021632c94e20 Uncommon trap: reason=unstable_if action=reinterpret pc=0x0000021621b8b948 method=org.lombokweb.asm.ClassReader.readUTF8(I[C)Ljava/lang/String; @ 11 c2
Event: 2.265 Thread 0x0000021632c94e20 DEOPT PACKING pc=0x0000021621b8b948 sp=0x0000002ffccef440
Event: 2.265 Thread 0x0000021632c94e20 DEOPT UNPACKING pc=0x0000021621569ea3 sp=0x0000002ffccef428 mode 2
Event: 2.533 Thread 0x0000021632c94e20 Uncommon trap: trap_request=0xffffff45 fr.pc=0x0000021621b95254 relative=0x0000000000000154
Event: 2.533 Thread 0x0000021632c94e20 Uncommon trap: reason=unstable_if action=reinterpret pc=0x0000021621b95254 method=org.lombokweb.asm.ByteVector.putByteArray([BII)Lorg/lombokweb/asm/ByteVector; @ 20 c2
Event: 2.533 Thread 0x0000021632c94e20 DEOPT PACKING pc=0x0000021621b95254 sp=0x0000002ffccf2600
Event: 2.533 Thread 0x0000021632c94e20 DEOPT UNPACKING pc=0x0000021621569ea3 sp=0x0000002ffccf25d0 mode 2

Classes loaded (20 events):
Event: 2.228 Loading class java/io/StringReader
Event: 2.228 Loading class java/io/StringReader done
Event: 2.232 Loading class java/util/zip/GZIPInputStream
Event: 2.232 Loading class java/util/zip/GZIPInputStream done
Event: 2.235 Loading class java/net/SocketTimeoutException
Event: 2.235 Loading class java/io/InterruptedIOException
Event: 2.235 Loading class java/io/InterruptedIOException done
Event: 2.235 Loading class java/net/SocketTimeoutException done
Event: 2.235 Loading class java/net/SocketException
Event: 2.235 Loading class java/net/SocketException done
Event: 2.235 Loading class java/net/UnknownHostException
Event: 2.235 Loading class java/net/UnknownHostException done
Event: 2.235 Loading class java/net/ProtocolException
Event: 2.235 Loading class java/net/ProtocolException done
Event: 2.250 Loading class java/lang/ThreadLocal$SuppliedThreadLocal
Event: 2.250 Loading class java/lang/ThreadLocal$SuppliedThreadLocal done
Event: 2.258 Loading class java/io/FileWriter
Event: 2.258 Loading class java/io/FileWriter done
Event: 2.308 Loading class java/lang/NegativeArraySizeException
Event: 2.308 Loading class java/lang/NegativeArraySizeException done

Classes unloaded (7 events):
Event: 2.086 Thread 0x0000021615c0ed00 Unloading class 0x000000010021a400 'java/lang/invoke/LambdaForm$MH+0x000000010021a400'
Event: 2.086 Thread 0x0000021615c0ed00 Unloading class 0x000000010021a000 'java/lang/invoke/LambdaForm$MH+0x000000010021a000'
Event: 2.086 Thread 0x0000021615c0ed00 Unloading class 0x0000000100219c00 'java/lang/invoke/LambdaForm$MH+0x0000000100219c00'
Event: 2.086 Thread 0x0000021615c0ed00 Unloading class 0x0000000100219800 'java/lang/invoke/LambdaForm$MH+0x0000000100219800'
Event: 2.086 Thread 0x0000021615c0ed00 Unloading class 0x0000000100219400 'java/lang/invoke/LambdaForm$BMH+0x0000000100219400'
Event: 2.086 Thread 0x0000021615c0ed00 Unloading class 0x0000000100219000 'java/lang/invoke/LambdaForm$DMH+0x0000000100219000'
Event: 2.086 Thread 0x0000021615c0ed00 Unloading class 0x0000000100214400 'java/lang/invoke/LambdaForm$DMH+0x0000000100214400'

Classes redefined (0 events):
No events

Internal exceptions (20 events):
Event: 1.944 Thread 0x0000021632c94e20 Exception <a 'java/io/FileNotFoundException'{0x00000000ec34dfc0}> (0x00000000ec34dfc0) 
thrown [s\src\hotspot\share\prims\jni.cpp, line 516]
Event: 2.035 Thread 0x0000021632c94e20 Exception <a 'java/lang/NoSuchMethodError'{0x00000000eae8cc08}: 'java.lang.Object java.lang.invoke.DirectMethodHandle$Holder.newInvokeSpecial(java.lang.Object, java.lang.Object, java.lang.Object, java.lang.Object, java.lang.Object)'> (0x00000000eae8cc08) 
thrown [s\src\hotspot\share\interpreter\linkResolver.cpp, line 759]
Event: 2.049 Thread 0x0000021632c94e20 Exception <a 'java/lang/NoSuchMethodError'{0x00000000eaf6dc90}: 'java.lang.Object java.lang.invoke.DirectMethodHandle$Holder.invokeSpecial(java.lang.Object, java.lang.Object, java.lang.Object, long, java.lang.Object)'> (0x00000000eaf6dc90) 
thrown [s\src\hotspot\share\interpreter\linkResolver.cpp, line 759]
Event: 2.049 Thread 0x0000021632c94e20 Exception <a 'java/lang/NoSuchMethodError'{0x00000000eaf75e48}: 'java.lang.Object java.lang.invoke.DirectMethodHandle$Holder.newInvokeSpecial(java.lang.Object, java.lang.Object, java.lang.Object, long)'> (0x00000000eaf75e48) 
thrown [s\src\hotspot\share\interpreter\linkResolver.cpp, line 759]
Event: 2.050 Thread 0x0000021632c94e20 Exception <a 'java/lang/NoSuchMethodError'{0x00000000eaf7a3e8}: 'java.lang.Object java.lang.invoke.DirectMethodHandle$Holder.invokeSpecial(java.lang.Object, java.lang.Object, java.lang.Object, java.lang.Object, long)'> (0x00000000eaf7a3e8) 
thrown [s\src\hotspot\share\interpreter\linkResolver.cpp, line 759]
Event: 2.050 Thread 0x0000021632c94e20 Exception <a 'java/lang/NoSuchMethodError'{0x00000000eaf7e260}: 'java.lang.Object java.lang.invoke.Invokers$Holder.linkToTargetMethod(java.lang.Object, java.lang.Object, long, java.lang.Object)'> (0x00000000eaf7e260) 
thrown [s\src\hotspot\share\interpreter\linkResolver.cpp, line 759]
Event: 2.115 Thread 0x0000021632c94e20 Exception <a 'java/lang/IncompatibleClassChangeError'{0x00000000eac34370}: Found class java.lang.Object, but interface was expected> (0x00000000eac34370) 
thrown [s\src\hotspot\share\interpreter\linkResolver.cpp, line 826]
Event: 2.115 Thread 0x0000021632c94e20 Exception <a 'java/lang/NoSuchMethodError'{0x00000000eac38200}: 'java.lang.Object java.lang.invoke.DirectMethodHandle$Holder.invokeSpecial(java.lang.Object, java.lang.Object, java.lang.Object, int, java.lang.Object, java.lang.Object)'> (0x00000000eac38200) 
thrown [s\src\hotspot\share\interpreter\linkResolver.cpp, line 759]
Event: 2.117 Thread 0x0000021632c94e20 Exception <a 'java/lang/NoSuchMethodError'{0x00000000eac558c0}: 'java.lang.Object java.lang.invoke.DirectMethodHandle$Holder.newInvokeSpecial(java.lang.Object, java.lang.Object, java.lang.Object, int, java.lang.Object)'> (0x00000000eac558c0) 
thrown [s\src\hotspot\share\interpreter\linkResolver.cpp, line 759]
Event: 2.118 Thread 0x0000021632c94e20 Exception <a 'java/lang/NoSuchMethodError'{0x00000000eac59d18}: 'java.lang.Object java.lang.invoke.DirectMethodHandle$Holder.invokeSpecial(java.lang.Object, java.lang.Object, java.lang.Object, java.lang.Object, int, java.lang.Object)'> (0x00000000eac59d18) 
thrown [s\src\hotspot\share\interpreter\linkResolver.cpp, line 759]
Event: 2.118 Thread 0x0000021632d86e10 Exception <a 'java/lang/NoSuchMethodError'{0x00000000eac94bf0}: 'java.lang.Object java.lang.invoke.DirectMethodHandle$Holder.invokeSpecial(java.lang.Object, java.lang.Object, int, java.lang.Object, java.lang.Object)'> (0x00000000eac94bf0) 
thrown [s\src\hotspot\share\interpreter\linkResolver.cpp, line 759]
Event: 2.119 Thread 0x0000021632d86e10 Exception <a 'java/lang/NoSuchMethodError'{0x00000000eac9c2c0}: 'java.lang.Object java.lang.invoke.DirectMethodHandle$Holder.newInvokeSpecial(java.lang.Object, java.lang.Object, int, java.lang.Object)'> (0x00000000eac9c2c0) 
thrown [s\src\hotspot\share\interpreter\linkResolver.cpp, line 759]
Event: 2.119 Thread 0x0000021632d86e10 Exception <a 'java/lang/NoSuchMethodError'{0x00000000eac9fdd0}: 'java.lang.Object java.lang.invoke.DirectMethodHandle$Holder.invokeSpecial(java.lang.Object, java.lang.Object, java.lang.Object, int, java.lang.Object)'> (0x00000000eac9fdd0) 
thrown [s\src\hotspot\share\interpreter\linkResolver.cpp, line 759]
Event: 2.189 Thread 0x0000021632c94e20 Exception <a 'java/lang/NoSuchMethodError'{0x00000000eb0702b0}: 'double java.lang.invoke.DirectMethodHandle$Holder.invokeStatic(java.lang.Object, java.lang.Object)'> (0x00000000eb0702b0) 
thrown [s\src\hotspot\share\interpreter\linkResolver.cpp, line 759]
Event: 2.190 Thread 0x0000021632c94e20 Exception <a 'java/lang/NoSuchMethodError'{0x00000000eb073bc8}: 'double java.lang.invoke.DirectMethodHandle$Holder.invokeStaticInit(java.lang.Object, java.lang.Object)'> (0x00000000eb073bc8) 
thrown [s\src\hotspot\share\interpreter\linkResolver.cpp, line 759]
Event: 2.312 Thread 0x0000021632c94e20 Exception <a 'java/io/FileNotFoundException'{0x00000000ec03f540}> (0x00000000ec03f540) 
thrown [s\src\hotspot\share\prims\jni.cpp, line 516]
Event: 2.312 Thread 0x0000021632c94e20 Exception <a 'java/io/FileNotFoundException'{0x00000000ec040378}> (0x00000000ec040378) 
thrown [s\src\hotspot\share\prims\jni.cpp, line 516]
Event: 2.312 Thread 0x0000021632c94e20 Exception <a 'java/io/FileNotFoundException'{0x00000000ec0412f8}> (0x00000000ec0412f8) 
thrown [s\src\hotspot\share\prims\jni.cpp, line 516]
Event: 2.471 Thread 0x0000021632c94e20 Exception <a 'java/lang/NoSuchMethodError'{0x00000000eb0b5ad8}: 'int java.lang.invoke.DirectMethodHandle$Holder.invokeStaticInit(java.lang.Object, java.lang.Object, java.lang.Object)'> (0x00000000eb0b5ad8) 
thrown [s\src\hotspot\share\interpreter\linkResolver.cpp, line 759]
Event: 2.533 Thread 0x0000021632c94e20 Implicit null exception at 0x0000021621b95148 to 0x0000021621b95234

VM Operations (20 events):
Event: 1.358 Executing VM operation: HandshakeAllThreads
Event: 1.358 Executing VM operation: HandshakeAllThreads done
Event: 1.365 Executing VM operation: ParallelGCFailedAllocation
Event: 1.370 Executing VM operation: ParallelGCFailedAllocation done
Event: 1.801 Executing VM operation: HandshakeAllThreads
Event: 1.801 Executing VM operation: HandshakeAllThreads done
Event: 1.906 Executing VM operation: HandshakeAllThreads
Event: 1.906 Executing VM operation: HandshakeAllThreads done
Event: 1.970 Executing VM operation: ParallelGCFailedAllocation
Event: 1.975 Executing VM operation: ParallelGCFailedAllocation done
Event: 2.069 Executing VM operation: HandshakeAllThreads
Event: 2.069 Executing VM operation: HandshakeAllThreads done
Event: 2.080 Executing VM operation: CollectForMetadataAllocation
Event: 2.098 Executing VM operation: CollectForMetadataAllocation done
Event: 2.101 Executing VM operation: HandshakeAllThreads
Event: 2.101 Executing VM operation: HandshakeAllThreads done
Event: 2.132 Executing VM operation: HandshakeAllThreads
Event: 2.132 Executing VM operation: HandshakeAllThreads done
Event: 2.397 Executing VM operation: ParallelGCFailedAllocation
Event: 2.398 Executing VM operation: ParallelGCFailedAllocation done

Memory protections (0 events):
No events

Nmethod flushes (0 events):
No events

Events (20 events):
Event: 0.044 Thread 0x0000021615b5f720 Thread added: 0x0000021615b5f720
Event: 0.050 Thread 0x0000021615b5f720 Thread added: 0x000002162b943020
Event: 0.051 Thread 0x0000021615b5f720 Thread added: 0x000002162b9452a0
Event: 0.065 Thread 0x0000021615b5f720 Thread added: 0x0000021630a39f20
Event: 0.065 Thread 0x0000021615b5f720 Thread added: 0x0000021630a3a7f0
Event: 0.065 Thread 0x0000021615b5f720 Thread added: 0x0000021630a3ba60
Event: 0.065 Thread 0x0000021615b5f720 Thread added: 0x0000021630a40c90
Event: 0.065 Thread 0x0000021615b5f720 Thread added: 0x0000021630a42fd0
Event: 0.065 Thread 0x0000021615b5f720 Thread added: 0x0000021630a43990
Event: 0.065 Thread 0x0000021615b5f720 Thread added: 0x0000021630a490a0
Event: 0.096 Thread 0x0000021615b5f720 Thread added: 0x0000021630b33090
Event: 0.280 Thread 0x0000021615b5f720 Thread added: 0x00000216321f0e20
Event: 1.089 Thread 0x0000021615b5f720 Thread added: 0x0000021632be83e0
Event: 1.268 Thread 0x0000021615b5f720 Thread added: 0x0000021632c94670
Event: 1.272 Thread 0x0000021615b5f720 Thread added: 0x0000021632c94e20
Event: 1.309 Thread 0x0000021632c94e20 Thread added: 0x0000021632c47800
Event: 1.438 Thread 0x0000021632c94e20 Thread added: 0x0000021632c91e00
Event: 1.836 Thread 0x0000021632c94e20 Thread added: 0x0000021632d87320
Event: 2.054 Thread 0x0000021632c94e20 Thread added: 0x0000021632d86e10
Event: 2.119 Thread 0x0000021632c94e20 Thread added: 0x0000021632d84080


Dynamic libraries:
0x00007ff68b280000 - 0x00007ff68b28e000 	c:\Users\MINH TUAN\.vscode\extensions\redhat.java-1.38.0-win32-x64\jre\17.0.13-win32-x86_64\bin\java.exe
0x00007ff8d2310000 - 0x00007ff8d2527000 	C:\WINDOWS\SYSTEM32\ntdll.dll
0x00007ff8d1b60000 - 0x00007ff8d1c24000 	C:\WINDOWS\System32\KERNEL32.DLL
0x00007ff8cf8c0000 - 0x00007ff8cfc7a000 	C:\WINDOWS\System32\KERNELBASE.dll
0x00007ff8cfc80000 - 0x00007ff8cfd91000 	C:\WINDOWS\System32\ucrtbase.dll
0x00007ff89ffb0000 - 0x00007ff89ffc7000 	c:\Users\MINH TUAN\.vscode\extensions\redhat.java-1.38.0-win32-x64\jre\17.0.13-win32-x86_64\bin\jli.dll
0x00007ff897960000 - 0x00007ff89797e000 	c:\Users\MINH TUAN\.vscode\extensions\redhat.java-1.38.0-win32-x64\jre\17.0.13-win32-x86_64\bin\VCRUNTIME140.dll
0x00007ff8d1050000 - 0x00007ff8d11fe000 	C:\WINDOWS\System32\USER32.dll
0x00007ff8cf5e0000 - 0x00007ff8cf606000 	C:\WINDOWS\System32\win32u.dll
0x00007ff8bc5f0000 - 0x00007ff8bc882000 	C:\WINDOWS\WinSxS\amd64_microsoft.windows.common-controls_6595b64144ccf1df_6.0.22621.4541_none_2710d1c57384c085\COMCTL32.dll
0x00007ff8d05b0000 - 0x00007ff8d05d9000 	C:\WINDOWS\System32\GDI32.dll
0x00007ff8d1200000 - 0x00007ff8d12a7000 	C:\WINDOWS\System32\msvcrt.dll
0x00007ff8cfef0000 - 0x00007ff8d000b000 	C:\WINDOWS\System32\gdi32full.dll
0x00007ff8cfdd0000 - 0x00007ff8cfe6a000 	C:\WINDOWS\System32\msvcp_win.dll
0x00007ff8d1cb0000 - 0x00007ff8d1ce1000 	C:\WINDOWS\System32\IMM32.DLL
0x00007ff8c8010000 - 0x00007ff8c801c000 	c:\Users\MINH TUAN\.vscode\extensions\redhat.java-1.38.0-win32-x64\jre\17.0.13-win32-x86_64\bin\vcruntime140_1.dll
0x00007ff871d50000 - 0x00007ff871ddd000 	c:\Users\MINH TUAN\.vscode\extensions\redhat.java-1.38.0-win32-x64\jre\17.0.13-win32-x86_64\bin\msvcp140.dll
0x00007ff827710000 - 0x00007ff82837b000 	c:\Users\MINH TUAN\.vscode\extensions\redhat.java-1.38.0-win32-x64\jre\17.0.13-win32-x86_64\bin\server\jvm.dll
0x00007ff8d1480000 - 0x00007ff8d1532000 	C:\WINDOWS\System32\ADVAPI32.dll
0x00007ff8d16e0000 - 0x00007ff8d1787000 	C:\WINDOWS\System32\sechost.dll
0x00007ff8cfda0000 - 0x00007ff8cfdc8000 	C:\WINDOWS\System32\bcrypt.dll
0x00007ff8d0490000 - 0x00007ff8d05a4000 	C:\WINDOWS\System32\RPCRT4.dll
0x00007ff8d1c30000 - 0x00007ff8d1ca1000 	C:\WINDOWS\System32\WS2_32.dll
0x00007ff8c7e40000 - 0x00007ff8c7e74000 	C:\WINDOWS\SYSTEM32\WINMM.dll
0x00007ff8ce430000 - 0x00007ff8ce47d000 	C:\WINDOWS\SYSTEM32\POWRPROF.dll
0x00007ff8caa60000 - 0x00007ff8caa6a000 	C:\WINDOWS\SYSTEM32\VERSION.dll
0x00007ff8ce410000 - 0x00007ff8ce423000 	C:\WINDOWS\SYSTEM32\UMPDC.dll
0x00007ff8ce6e0000 - 0x00007ff8ce6f8000 	C:\WINDOWS\SYSTEM32\kernel.appcore.dll
0x00007ff8c6f90000 - 0x00007ff8c6f9a000 	c:\Users\MINH TUAN\.vscode\extensions\redhat.java-1.38.0-win32-x64\jre\17.0.13-win32-x86_64\bin\jimage.dll
0x00007ff8ccc80000 - 0x00007ff8cceb2000 	C:\WINDOWS\SYSTEM32\DBGHELP.DLL
0x00007ff8d1d60000 - 0x00007ff8d20ef000 	C:\WINDOWS\System32\combase.dll
0x00007ff8d1840000 - 0x00007ff8d1917000 	C:\WINDOWS\System32\OLEAUT32.dll
0x00007ff89f7f0000 - 0x00007ff89f822000 	C:\WINDOWS\SYSTEM32\dbgcore.DLL
0x00007ff8cf840000 - 0x00007ff8cf8bb000 	C:\WINDOWS\System32\bcryptPrimitives.dll
0x00007ff8b7070000 - 0x00007ff8b707e000 	c:\Users\MINH TUAN\.vscode\extensions\redhat.java-1.38.0-win32-x64\jre\17.0.13-win32-x86_64\bin\instrument.dll
0x00007ff878f10000 - 0x00007ff878f35000 	c:\Users\MINH TUAN\.vscode\extensions\redhat.java-1.38.0-win32-x64\jre\17.0.13-win32-x86_64\bin\java.dll
0x00007ff88a340000 - 0x00007ff88a358000 	c:\Users\MINH TUAN\.vscode\extensions\redhat.java-1.38.0-win32-x64\jre\17.0.13-win32-x86_64\bin\zip.dll
0x00007ff8d0670000 - 0x00007ff8d0ee8000 	C:\WINDOWS\System32\SHELL32.dll
0x00007ff8cd4e0000 - 0x00007ff8cdde8000 	C:\WINDOWS\SYSTEM32\windows.storage.dll
0x00007ff8cd3a0000 - 0x00007ff8cd4df000 	C:\WINDOWS\SYSTEM32\wintypes.dll
0x00007ff8d1550000 - 0x00007ff8d164a000 	C:\WINDOWS\System32\SHCORE.dll
0x00007ff8d1ab0000 - 0x00007ff8d1b0e000 	C:\WINDOWS\System32\shlwapi.dll
0x00007ff8cf510000 - 0x00007ff8cf53b000 	C:\WINDOWS\SYSTEM32\profapi.dll
0x00007ff888680000 - 0x00007ff888699000 	C:\Users\MINH TUAN\.vscode\extensions\redhat.java-1.38.0-win32-x64\jre\17.0.13-win32-x86_64\bin\net.dll
0x00007ff8c8070000 - 0x00007ff8c81a6000 	C:\WINDOWS\SYSTEM32\WINHTTP.dll
0x00007ff8ceb50000 - 0x00007ff8cebb9000 	C:\WINDOWS\system32\mswsock.dll
0x00007ff886de0000 - 0x00007ff886df6000 	C:\Users\MINH TUAN\.vscode\extensions\redhat.java-1.38.0-win32-x64\jre\17.0.13-win32-x86_64\bin\nio.dll
0x00007ff8a92b0000 - 0x00007ff8a92c0000 	c:\Users\MINH TUAN\.vscode\extensions\redhat.java-1.38.0-win32-x64\jre\17.0.13-win32-x86_64\bin\verify.dll
0x00007ff897910000 - 0x00007ff897955000 	C:\Users\MINH TUAN\AppData\Roaming\Code\User\globalStorage\redhat.java\1.38.0\config_ss_win\org.eclipse.equinox.launcher\org.eclipse.equinox.launcher.win32.win32.x86_64_1.2.1100.v20240722-2106\eclipse_11904.dll
0x00007ff8d12d0000 - 0x00007ff8d1475000 	C:\WINDOWS\System32\ole32.dll
0x00007ff8a9040000 - 0x00007ff8a904a000 	C:\Users\MINH TUAN\.vscode\extensions\redhat.java-1.38.0-win32-x64\jre\17.0.13-win32-x86_64\bin\management.dll
0x00007ff899760000 - 0x00007ff89976b000 	C:\Users\MINH TUAN\.vscode\extensions\redhat.java-1.38.0-win32-x64\jre\17.0.13-win32-x86_64\bin\management_ext.dll
0x00007ff8d1920000 - 0x00007ff8d1928000 	C:\WINDOWS\System32\PSAPI.DLL

dbghelp: loaded successfully - version: 4.0.5 - missing functions: none
symbol engine: initialized successfully - sym options: 0x614 - pdb path: .;c:\Users\MINH TUAN\.vscode\extensions\redhat.java-1.38.0-win32-x64\jre\17.0.13-win32-x86_64\bin;C:\WINDOWS\SYSTEM32;C:\WINDOWS\WinSxS\amd64_microsoft.windows.common-controls_6595b64144ccf1df_6.0.22621.4541_none_2710d1c57384c085;c:\Users\MINH TUAN\.vscode\extensions\redhat.java-1.38.0-win32-x64\jre\17.0.13-win32-x86_64\bin\server;C:\Users\MINH TUAN\AppData\Roaming\Code\User\globalStorage\redhat.java\1.38.0\config_ss_win\org.eclipse.equinox.launcher\org.eclipse.equinox.launcher.win32.win32.x86_64_1.2.1100.v20240722-2106

VM Arguments:
jvm_args: --add-modules=ALL-SYSTEM --add-opens=java.base/java.util=ALL-UNNAMED --add-opens=java.base/java.lang=ALL-UNNAMED --add-opens=java.base/sun.nio.fs=ALL-UNNAMED -Declipse.application=org.eclipse.jdt.ls.core.id1 -Dosgi.bundles.defaultStartLevel=4 -Declipse.product=org.eclipse.jdt.ls.core.product -Djava.import.generatesMetadataFilesAtProjectRoot=false -DDetectVMInstallationsJob.disabled=true -Dfile.encoding=utf8 -XX:+UseParallelGC -XX:GCTimeRatio=4 -XX:AdaptiveSizePolicyWeight=90 -Dsun.zip.disableMemoryMapping=true -Xmx1G -Xms100m -Xlog:disable -javaagent:c:\Users\MINH TUAN\.vscode\extensions\redhat.java-1.38.0-win32-x64\lombok\lombok-1.18.34.jar 
java_command: c:\Users\MINH TUAN\.vscode\extensions\redhat.java-1.38.0-win32-x64\server\plugins\org.eclipse.equinox.launcher_1.6.900.v20240613-2009.jar -configuration c:\Users\MINH TUAN\AppData\Roaming\Code\User\globalStorage\redhat.java\1.38.0\config_ss_win -data c:\Users\MINH TUAN\AppData\Roaming\Code\User\workspaceStorage\3c8f4d5ebbf0d59e9847c33f37007360\redhat.java\ss_ws --pipe=\\.\pipe\lsp-35efd115a39710e76c147d7ef239d76e-sock
java_class_path (initial): c:\Users\MINH TUAN\.vscode\extensions\redhat.java-1.38.0-win32-x64\server\plugins\org.eclipse.equinox.launcher_1.6.900.v20240613-2009.jar
Launcher Type: SUN_STANDARD

[Global flags]
    uintx AdaptiveSizePolicyWeight                 = 90                                        {product} {command line}
     intx CICompilerCount                          = 4                                         {product} {ergonomic}
    uintx GCTimeRatio                              = 4                                         {product} {command line}
   size_t InitialHeapSize                          = 104857600                                 {product} {command line}
   size_t MaxHeapSize                              = 1073741824                                {product} {command line}
   size_t MaxNewSize                               = 357564416                                 {product} {ergonomic}
   size_t MinHeapDeltaBytes                        = 524288                                    {product} {ergonomic}
   size_t MinHeapSize                              = 104857600                                 {product} {command line}
   size_t NewSize                                  = 34603008                                  {product} {ergonomic}
    uintx NonNMethodCodeHeapSize                   = 5839372                                {pd product} {ergonomic}
    uintx NonProfiledCodeHeapSize                  = 122909434                              {pd product} {ergonomic}
   size_t OldSize                                  = 70254592                                  {product} {ergonomic}
    uintx ProfiledCodeHeapSize                     = 122909434                              {pd product} {ergonomic}
    uintx ReservedCodeCacheSize                    = 251658240                              {pd product} {ergonomic}
     bool SegmentedCodeCache                       = true                                      {product} {ergonomic}
   size_t SoftMaxHeapSize                          = 1073741824                             {manageable} {ergonomic}
     bool UseCompressedClassPointers               = true                           {product lp64_product} {ergonomic}
     bool UseCompressedOops                        = true                           {product lp64_product} {ergonomic}
     bool UseLargePagesIndividualAllocation        = false                                  {pd product} {ergonomic}
     bool UseParallelGC                            = true                                      {product} {command line}

Logging:
Log output configuration:
 #0: stdout all=off uptime,level,tags
 #1: stderr all=off uptime,level,tags

Environment Variables:
PATH=C:\Program Files (x86)\PHP\;C:\Program Files\Common Files\Oracle\Java\javapath;C:\Program Files (x86)\Common Files\Oracle\Java\java8path;C:\Program Files (x86)\Common Files\Oracle\Java\javapath;C:\ProgramData\Oracle\Java\javapath;C:\Windows\system32;C:\Windows;C:\Windows\System32\Wbem;C:\Windows\System32\WindowsPowerShell\v1.0\;C:\Windows\System32\OpenSSH\;C:\Program Files (x86)\NVIDIA Corporation\PhysX\Common;C:\Program Files\NVIDIA Corporation\NVIDIA NvDLISR;C:\WINDOWS\system32;C:\WINDOWS;C:\WINDOWS\System32\Wbem;C:\WINDOWS\System32\WindowsPowerShell\v1.0\;C:\WINDOWS\System32\OpenSSH\;C:\Program Files\Microsoft SQL Server\Client SDK\ODBC\170\Tools\Binn\;C:\Program Files (x86)\Microsoft SQL Server\150\Tools\Binn\;C:\Program Files\Microsoft SQL Server\150\Tools\Binn\;C:\Program Files\Microsoft SQL Server\150\DTS\Binn\;C:\Program Files\Azure Data Studio\bin;C:\Program Files (x86)\Microsoft SQL Server\150\DTS\Binn\;C:\Program Files (x86)\Microsoft SQL Server\160\DTS\Binn\;C:\Program Files\dotnet\;C:\Program Files\nodejs\;C:\Program Files\Git\cmd;C:\Program Files\Docker\Docker\resources\bin;C:\Users\MINH TUAN\AppData\Local\Programs\Python\Python312\Scripts\;C:\Users\MINH TUAN\AppData\Local\Programs\Python\Python312\;C:\Users\MINH TUAN\AppData\Local\Programs\Python\Launcher\;C:\Users\MINH TUAN\AppData\Local\Microsoft\WindowsApps;;C:\Program Files\JetBrains\IntelliJ IDEA Community Edition 2023.1\bin;;C:\Program Files\Azure Data Studio\bin;C:\Users\MINH TUAN\.dotnet\tools;C:\Users\MINH TUAN\AppData\Roaming\npm;C:\Users\MINH TUAN\AppData\Local\Programs\Microsoft VS Code\bin
USERNAME=MINH TUAN
OS=Windows_NT
PROCESSOR_IDENTIFIER=Intel64 Family 6 Model 141 Stepping 1, GenuineIntel
TMP=C:\Users\MINHTU~1\AppData\Local\Temp
TEMP=C:\Users\MINHTU~1\AppData\Local\Temp



Periodic native trim disabled


---------------  S Y S T E M  ---------------

OS:
 Windows 11 , 64 bit Build 22621 (10.0.22621.4391)
OS uptime: 7 days 8:58 hours
Hyper-V role detected

CPU: total 12 (initial active 12) (6 cores per cpu, 2 threads per core) family 6 model 141 stepping 1 microcode 0x3c, cx8, cmov, fxsr, ht, mmx, 3dnowpref, sse, sse2, sse3, ssse3, sse4.1, sse4.2, popcnt, lzcnt, tsc, tscinvbit, avx, avx2, aes, erms, clmul, bmi1, bmi2, adx, avx512f, avx512dq, avx512cd, avx512bw, avx512vl, sha, fma, vzeroupper, avx512_vpopcntdq, avx512_vpclmulqdq, avx512_vaes, avx512_vnni, clflush, clflushopt, clwb, avx512_vbmi2, avx512_vbmi, hv
Processor Information for all 12 processors :
  Max Mhz: 2688, Current Mhz: 2688, Mhz Limit: 2688

Memory: 4k page, system-wide physical 7971M (33M free)
TotalPageFile size 32547M (AvailPageFile size 0M)
current process WorkingSet (physical memory assigned to process): 117M, peak: 117M
current process commit charge ("private bytes"): 230M, peak: 231M

vm_info: OpenJDK 64-Bit Server VM (17.0.13+11) for windows-amd64 JRE (17.0.13+11), built on Oct 16 2024 00:10:08 by "admin" with MS VC++ 17.7 (VS2022)

END.
